[ 2016-03-16T01:25:46+00:00 ] 127.0.0.1 /crawer/souFangByCity?d=2&u=shanghai
INFO: [ app_init ] --START--
INFO: Run Behavior\BuildLiteBehavior [ RunTime:0.000000s ]
INFO: [ app_init ] --END-- [ RunTime:0.005001s ]
INFO: [ app_begin ] --START--
INFO: Run Behavior\ReadHtmlCacheBehavior [ RunTime:0.009000s ]
INFO: [ app_begin ] --END-- [ RunTime:0.009000s ]

[ 2016-03-16T01:26:44+00:00 ] 127.0.0.1 /crawer/souFangByCity?d=2&u=suzhou
INFO: [ app_init ] --START--
INFO: Run Behavior\BuildLiteBehavior [ RunTime:0.000000s ]
INFO: [ app_init ] --END-- [ RunTime:0.001000s ]
INFO: [ app_begin ] --START--
INFO: Run Behavior\ReadHtmlCacheBehavior [ RunTime:0.000000s ]
INFO: [ app_begin ] --END-- [ RunTime:0.001000s ]
NOTIC: [8] Undefined offset: 1 E:\www\crawer\Application\Home\Controller\CrawerController.class.php 第 76 行.

[ 2016-03-16T01:27:06+00:00 ] 127.0.0.1 /crawer/souFangByCity?d=2&u=hangzhou
INFO: [ app_init ] --START--
INFO: Run Behavior\BuildLiteBehavior [ RunTime:0.000000s ]
INFO: [ app_init ] --END-- [ RunTime:0.000000s ]
INFO: [ app_begin ] --START--
INFO: Run Behavior\ReadHtmlCacheBehavior [ RunTime:0.000000s ]
INFO: [ app_begin ] --END-- [ RunTime:0.001000s ]

[ 2016-03-16T01:27:26+00:00 ] 127.0.0.1 /crawer/souFangByCity?d=2&u=shenzhen
INFO: [ app_init ] --START--
INFO: Run Behavior\BuildLiteBehavior [ RunTime:0.000000s ]
INFO: [ app_init ] --END-- [ RunTime:0.001000s ]
INFO: [ app_begin ] --START--
INFO: Run Behavior\ReadHtmlCacheBehavior [ RunTime:0.001000s ]
INFO: [ app_begin ] --END-- [ RunTime:0.001000s ]

[ 2016-03-16T01:28:11+00:00 ] 127.0.0.1 /crawer/souFangByCity?d=2&u=beijing
INFO: [ app_init ] --START--
INFO: Run Behavior\BuildLiteBehavior [ RunTime:0.000000s ]
INFO: [ app_init ] --END-- [ RunTime:0.001000s ]
INFO: [ app_begin ] --START--
INFO: Run Behavior\ReadHtmlCacheBehavior [ RunTime:0.000000s ]
INFO: [ app_begin ] --END-- [ RunTime:0.000000s ]
NOTIC: [8] Undefined offset: 1 E:\www\crawer\Application\Home\Controller\CrawerController.class.php 第 76 行.
NOTIC: [8] Undefined offset: 1 E:\www\crawer\Application\Home\Controller\CrawerController.class.php 第 76 行.

[ 2016-03-16T01:33:33+00:00 ] 127.0.0.1 /crawer/souFangByCity?d=2&u=nanjing
INFO: [ app_init ] --START--
INFO: Run Behavior\BuildLiteBehavior [ RunTime:0.000000s ]
INFO: [ app_init ] --END-- [ RunTime:0.001000s ]
INFO: [ app_begin ] --START--
INFO: Run Behavior\ReadHtmlCacheBehavior [ RunTime:0.001000s ]
INFO: [ app_begin ] --END-- [ RunTime:0.001000s ]

[ 2016-03-16T01:36:31+00:00 ] 127.0.0.1 /crawer/souFangByCity?d=2&u=guangzhou
INFO: [ app_init ] --START--
INFO: Run Behavior\BuildLiteBehavior [ RunTime:0.000000s ]
INFO: [ app_init ] --END-- [ RunTime:0.000000s ]
INFO: [ app_begin ] --START--
INFO: Run Behavior\ReadHtmlCacheBehavior [ RunTime:0.001000s ]
INFO: [ app_begin ] --END-- [ RunTime:0.001000s ]

[ 2016-03-16T01:39:07+00:00 ] 127.0.0.1 /crawer/souFangByCity?d=1&u=guangzhou
INFO: [ app_init ] --START--
INFO: Run Behavior\BuildLiteBehavior [ RunTime:0.000000s ]
INFO: [ app_init ] --END-- [ RunTime:0.000000s ]
INFO: [ app_begin ] --START--
INFO: Run Behavior\ReadHtmlCacheBehavior [ RunTime:0.000000s ]
INFO: [ app_begin ] --END-- [ RunTime:0.000000s ]

[ 2016-03-16T01:39:30+00:00 ] 127.0.0.1 /crawer/souFangByCity?d=1&u=shanghai
INFO: [ app_init ] --START--
INFO: Run Behavior\BuildLiteBehavior [ RunTime:0.000000s ]
INFO: [ app_init ] --END-- [ RunTime:0.000000s ]
INFO: [ app_begin ] --START--
INFO: Run Behavior\ReadHtmlCacheBehavior [ RunTime:0.000000s ]
INFO: [ app_begin ] --END-- [ RunTime:0.000000s ]

[ 2016-03-16T01:39:45+00:00 ] 127.0.0.1 /crawer/souFangByCity?d=1&u=suzhou
INFO: [ app_init ] --START--
INFO: Run Behavior\BuildLiteBehavior [ RunTime:0.000000s ]
INFO: [ app_init ] --END-- [ RunTime:0.001000s ]
INFO: [ app_begin ] --START--
INFO: Run Behavior\ReadHtmlCacheBehavior [ RunTime:0.000000s ]
INFO: [ app_begin ] --END-- [ RunTime:0.000000s ]
NOTIC: [8] Undefined offset: 1 E:\www\crawer\Application\Home\Controller\CrawerController.class.php 第 76 行.

[ 2016-03-16T01:39:55+00:00 ] 127.0.0.1 /crawer/souFangByCity?d=1&u=shenzhen
INFO: [ app_init ] --START--
INFO: Run Behavior\BuildLiteBehavior [ RunTime:0.000000s ]
INFO: [ app_init ] --END-- [ RunTime:0.000000s ]
INFO: [ app_begin ] --START--
INFO: Run Behavior\ReadHtmlCacheBehavior [ RunTime:0.000000s ]
INFO: [ app_begin ] --END-- [ RunTime:0.000000s ]

[ 2016-03-16T01:40:19+00:00 ] 127.0.0.1 /crawer/souFangByCity?d=1&u=hangzhou
INFO: [ app_init ] --START--
INFO: Run Behavior\BuildLiteBehavior [ RunTime:0.000000s ]
INFO: [ app_init ] --END-- [ RunTime:0.000000s ]
INFO: [ app_begin ] --START--
INFO: Run Behavior\ReadHtmlCacheBehavior [ RunTime:0.000000s ]
INFO: [ app_begin ] --END-- [ RunTime:0.000000s ]

[ 2016-03-16T01:40:30+00:00 ] 127.0.0.1 /crawer/souFangByCity?d=1&u=nanjing
INFO: [ app_init ] --START--
INFO: Run Behavior\BuildLiteBehavior [ RunTime:0.000000s ]
INFO: [ app_init ] --END-- [ RunTime:0.000000s ]
INFO: [ app_begin ] --START--
INFO: Run Behavior\ReadHtmlCacheBehavior [ RunTime:0.001000s ]
INFO: [ app_begin ] --END-- [ RunTime:0.001000s ]

[ 2016-03-16T10:16:06+08:00 ] 127.0.0.1 /crawer/
INFO: [ app_init ] --START--
INFO: Run Behavior\BuildLiteBehavior [ RunTime:0.000000s ]
INFO: [ app_init ] --END-- [ RunTime:0.000000s ]
INFO: [ app_begin ] --START--
INFO: Run Behavior\ReadHtmlCacheBehavior [ RunTime:0.001000s ]
INFO: [ app_begin ] --END-- [ RunTime:0.001000s ]
INFO: [ view_parse ] --START--
INFO: [ template_filter ] --START--
INFO: Run Behavior\ContentReplaceBehavior [ RunTime:0.001000s ]
INFO: [ template_filter ] --END-- [ RunTime:0.001000s ]
INFO: Run Behavior\ParseTemplateBehavior [ RunTime:0.103006s ]
INFO: [ view_parse ] --END-- [ RunTime:0.103006s ]
INFO: [ view_filter ] --START--
INFO: Run Behavior\WriteHtmlCacheBehavior [ RunTime:0.014001s ]
INFO: [ view_filter ] --END-- [ RunTime:0.014001s ]
INFO: [ app_end ] --START--
INFO: Run Behavior\ShowPageTraceBehavior [ RunTime:0.012000s ]
INFO: [ app_end ] --END-- [ RunTime:0.012000s ]

[ 2016-03-16T10:16:06+08:00 ] 127.0.0.1 /favicon.ico
INFO: [ app_init ] --START--
INFO: Run Behavior\BuildLiteBehavior [ RunTime:0.000000s ]
INFO: [ app_init ] --END-- [ RunTime:0.000000s ]

[ 2016-03-16T10:16:06+08:00 ] 127.0.0.1 /favicon.ico
INFO: [ app_init ] --START--
INFO: Run Behavior\BuildLiteBehavior [ RunTime:0.000000s ]
INFO: [ app_init ] --END-- [ RunTime:0.001000s ]

[ 2016-03-16T17:52:01+08:00 ] 127.0.0.1 /jobs/wuyijob?s=62741851&t=62741851
INFO: [ app_init ] --START--
INFO: Run Behavior\BuildLiteBehavior [ RunTime:0.000000s ]
INFO: [ app_init ] --END-- [ RunTime:0.019002s ]
INFO: [ app_begin ] --START--
INFO: Run Behavior\ReadHtmlCacheBehavior [ RunTime:0.011000s ]
INFO: [ app_begin ] --END-- [ RunTime:0.011000s ]
ERR: 无法加载控制器:62741851

[ 2016-03-16T17:52:35+08:00 ] 127.0.0.1 /jobs/wuyijob?s=62741851&t=62741851
INFO: [ app_init ] --START--
INFO: Run Behavior\BuildLiteBehavior [ RunTime:0.000000s ]
INFO: [ app_init ] --END-- [ RunTime:0.000000s ]
INFO: [ app_begin ] --START--
INFO: Run Behavior\ReadHtmlCacheBehavior [ RunTime:0.000000s ]
INFO: [ app_begin ] --END-- [ RunTime:0.000000s ]
ERR: 无法加载控制器:62741851

[ 2016-03-16T17:53:01+08:00 ] 127.0.0.1 /jobs/wuyijob
INFO: [ app_init ] --START--
INFO: Run Behavior\BuildLiteBehavior [ RunTime:0.000000s ]
INFO: [ app_init ] --END-- [ RunTime:0.001000s ]
INFO: [ app_begin ] --START--
INFO: Run Behavior\ReadHtmlCacheBehavior [ RunTime:0.000000s ]
INFO: [ app_begin ] --END-- [ RunTime:0.000000s ]

[ 2016-03-16T17:53:22+08:00 ] 127.0.0.1 /jobs/wuyijob/s/62741851/t/62741851
INFO: [ app_init ] --START--
INFO: Run Behavior\BuildLiteBehavior [ RunTime:0.000000s ]
INFO: [ app_init ] --END-- [ RunTime:0.000000s ]
INFO: [ app_begin ] --START--
INFO: Run Behavior\ReadHtmlCacheBehavior [ RunTime:0.000000s ]
INFO: [ app_begin ] --END-- [ RunTime:0.000000s ]
NOTIC: [8] Undefined variable: htmlsource E:\www\crawer\Application\Home\Controller\JobsController.class.php 第 40 行.
NOTIC: [8] Undefined variable: htmlsource E:\www\crawer\Application\Home\Controller\JobsController.class.php 第 40 行.
NOTIC: [8] Undefined variable: htmlsource E:\www\crawer\Application\Home\Controller\JobsController.class.php 第 40 行.
NOTIC: [2] preg_match(): Unknown modifier 'p' E:\www\crawer\Application\Home\Controller\JobsController.class.php 第 40 行.
NOTIC: [8] Undefined variable: htmlsource E:\www\crawer\Application\Home\Controller\JobsController.class.php 第 40 行.
NOTIC: [8] Undefined variable: htmlsource E:\www\crawer\Application\Home\Controller\JobsController.class.php 第 40 行.
NOTIC: [8] Undefined variable: htmlsource E:\www\crawer\Application\Home\Controller\JobsController.class.php 第 40 行.
NOTIC: [8] Undefined variable: htmlsource E:\www\crawer\Application\Home\Controller\JobsController.class.php 第 40 行.
NOTIC: [8] Undefined variable: htmlsource E:\www\crawer\Application\Home\Controller\JobsController.class.php 第 40 行.
NOTIC: [8] Undefined variable: htmlsource E:\www\crawer\Application\Home\Controller\JobsController.class.php 第 40 行.
NOTIC: [2] preg_match(): Unknown modifier '&gt;' E:\www\crawer\Application\Home\Controller\JobsController.class.php 第 40 行.
NOTIC: [8] Undefined variable: htmlsource E:\www\crawer\Application\Home\Controller\JobsController.class.php 第 40 行.
NOTIC: [2] preg_match(): Unknown modifier '&gt;' E:\www\crawer\Application\Home\Controller\JobsController.class.php 第 40 行.
NOTIC: [8] Undefined variable: htmlsource E:\www\crawer\Application\Home\Controller\JobsController.class.php 第 40 行.
NOTIC: [2] preg_match(): Unknown modifier '&gt;' E:\www\crawer\Application\Home\Controller\JobsController.class.php 第 40 行.
NOTIC: [8] Undefined variable: htmlsource E:\www\crawer\Application\Home\Controller\JobsController.class.php 第 40 行.
NOTIC: [2] preg_match(): Unknown modifier '&gt;' E:\www\crawer\Application\Home\Controller\JobsController.class.php 第 40 行.
NOTIC: [8] Undefined variable: htmlsource E:\www\crawer\Application\Home\Controller\JobsController.class.php 第 40 行.
NOTIC: [2] preg_match(): Unknown modifier 'p' E:\www\crawer\Application\Home\Controller\JobsController.class.php 第 40 行.
NOTIC: [8] Undefined variable: htmlsource E:\www\crawer\Application\Home\Controller\JobsController.class.php 第 40 行.
NOTIC: [2] preg_match(): Unknown modifier 'p' E:\www\crawer\Application\Home\Controller\JobsController.class.php 第 40 行.
INFO: [ app_end ] --START--
INFO: Run Behavior\ShowPageTraceBehavior [ RunTime:0.031002s ]
INFO: [ app_end ] --END-- [ RunTime:0.031002s ]

[ 2016-03-16T17:53:49+08:00 ] 127.0.0.1 /jobs/wuyijob/s/62741851/t/62741851
INFO: [ app_init ] --START--
INFO: Run Behavior\BuildLiteBehavior [ RunTime:0.000000s ]
INFO: [ app_init ] --END-- [ RunTime:0.000000s ]
INFO: [ app_begin ] --START--
INFO: Run Behavior\ReadHtmlCacheBehavior [ RunTime:0.000000s ]
INFO: [ app_begin ] --END-- [ RunTime:0.000000s ]
NOTIC: [8] Undefined variable: htmlsource E:\www\crawer\Application\Home\Controller\JobsController.class.php 第 40 行.
NOTIC: [8] Undefined variable: htmlsource E:\www\crawer\Application\Home\Controller\JobsController.class.php 第 40 行.
NOTIC: [8] Undefined variable: htmlsource E:\www\crawer\Application\Home\Controller\JobsController.class.php 第 40 行.
NOTIC: [2] preg_match(): Unknown modifier 'p' E:\www\crawer\Application\Home\Controller\JobsController.class.php 第 40 行.
NOTIC: [8] Undefined variable: htmlsource E:\www\crawer\Application\Home\Controller\JobsController.class.php 第 40 行.
NOTIC: [8] Undefined variable: htmlsource E:\www\crawer\Application\Home\Controller\JobsController.class.php 第 40 行.
NOTIC: [8] Undefined variable: htmlsource E:\www\crawer\Application\Home\Controller\JobsController.class.php 第 40 行.
NOTIC: [8] Undefined variable: htmlsource E:\www\crawer\Application\Home\Controller\JobsController.class.php 第 40 行.
NOTIC: [8] Undefined variable: htmlsource E:\www\crawer\Application\Home\Controller\JobsController.class.php 第 40 行.
NOTIC: [8] Undefined variable: htmlsource E:\www\crawer\Application\Home\Controller\JobsController.class.php 第 40 行.
NOTIC: [2] preg_match(): Unknown modifier '&gt;' E:\www\crawer\Application\Home\Controller\JobsController.class.php 第 40 行.
NOTIC: [8] Undefined variable: htmlsource E:\www\crawer\Application\Home\Controller\JobsController.class.php 第 40 行.
NOTIC: [2] preg_match(): Unknown modifier '&gt;' E:\www\crawer\Application\Home\Controller\JobsController.class.php 第 40 行.
NOTIC: [8] Undefined variable: htmlsource E:\www\crawer\Application\Home\Controller\JobsController.class.php 第 40 行.
NOTIC: [2] preg_match(): Unknown modifier '&gt;' E:\www\crawer\Application\Home\Controller\JobsController.class.php 第 40 行.
NOTIC: [8] Undefined variable: htmlsource E:\www\crawer\Application\Home\Controller\JobsController.class.php 第 40 行.
NOTIC: [2] preg_match(): Unknown modifier '&gt;' E:\www\crawer\Application\Home\Controller\JobsController.class.php 第 40 行.
NOTIC: [8] Undefined variable: htmlsource E:\www\crawer\Application\Home\Controller\JobsController.class.php 第 40 行.
NOTIC: [2] preg_match(): Unknown modifier 'p' E:\www\crawer\Application\Home\Controller\JobsController.class.php 第 40 行.
NOTIC: [8] Undefined variable: htmlsource E:\www\crawer\Application\Home\Controller\JobsController.class.php 第 40 行.
NOTIC: [2] preg_match(): Unknown modifier 'p' E:\www\crawer\Application\Home\Controller\JobsController.class.php 第 40 行.
INFO: [ app_end ] --START--
INFO: Run Behavior\ShowPageTraceBehavior [ RunTime:0.000000s ]
INFO: [ app_end ] --END-- [ RunTime:0.000000s ]

[ 2016-03-16T17:54:17+08:00 ] 127.0.0.1 /jobs/wuyijob/s/62741851/t/62741851
INFO: [ app_init ] --START--
INFO: Run Behavior\BuildLiteBehavior [ RunTime:0.000000s ]
INFO: [ app_init ] --END-- [ RunTime:0.000000s ]
INFO: [ app_begin ] --START--
INFO: Run Behavior\ReadHtmlCacheBehavior [ RunTime:0.000000s ]
INFO: [ app_begin ] --END-- [ RunTime:0.000000s ]
NOTIC: [8] Undefined variable: htmlsource E:\www\crawer\Application\Home\Controller\JobsController.class.php 第 21 行.

[ 2016-03-16T17:54:19+08:00 ] 127.0.0.1 /jobs/wuyijob/s/62741851/t/62741851
INFO: [ app_init ] --START--
INFO: Run Behavior\BuildLiteBehavior [ RunTime:0.000000s ]
INFO: [ app_init ] --END-- [ RunTime:0.000000s ]
INFO: [ app_begin ] --START--
INFO: Run Behavior\ReadHtmlCacheBehavior [ RunTime:0.001000s ]
INFO: [ app_begin ] --END-- [ RunTime:0.001000s ]
NOTIC: [8] Undefined variable: htmlsource E:\www\crawer\Application\Home\Controller\JobsController.class.php 第 21 行.

[ 2016-03-16T17:54:39+08:00 ] 127.0.0.1 /jobs/wuyijob/s/62741851/t/62741851
INFO: [ app_init ] --START--
INFO: Run Behavior\BuildLiteBehavior [ RunTime:0.000000s ]
INFO: [ app_init ] --END-- [ RunTime:0.000000s ]
INFO: [ app_begin ] --START--
INFO: Run Behavior\ReadHtmlCacheBehavior [ RunTime:0.000000s ]
INFO: [ app_begin ] --END-- [ RunTime:0.000000s ]
NOTIC: [8] Undefined variable: htmlsource E:\www\crawer\Application\Home\Controller\JobsController.class.php 第 21 行.

[ 2016-03-16T17:54:41+08:00 ] 127.0.0.1 /jobs/wuyijob/s/62741851/t/62741851
INFO: [ app_init ] --START--
INFO: Run Behavior\BuildLiteBehavior [ RunTime:0.000000s ]
INFO: [ app_init ] --END-- [ RunTime:0.001000s ]
INFO: [ app_begin ] --START--
INFO: Run Behavior\ReadHtmlCacheBehavior [ RunTime:0.000000s ]
INFO: [ app_begin ] --END-- [ RunTime:0.000000s ]
NOTIC: [8] Undefined variable: htmlsource E:\www\crawer\Application\Home\Controller\JobsController.class.php 第 21 行.

[ 2016-03-16T17:54:55+08:00 ] 127.0.0.1 /jobs/wuyijob/s/62741851/t/62741851
INFO: [ app_init ] --START--
INFO: Run Behavior\BuildLiteBehavior [ RunTime:0.000000s ]
INFO: [ app_init ] --END-- [ RunTime:0.000000s ]
INFO: [ app_begin ] --START--
INFO: Run Behavior\ReadHtmlCacheBehavior [ RunTime:0.000000s ]
INFO: [ app_begin ] --END-- [ RunTime:0.000000s ]
NOTIC: [8] Undefined variable: htmlsource E:\www\crawer\Application\Home\Controller\JobsController.class.php 第 21 行.

[ 2016-03-16T17:54:57+08:00 ] 127.0.0.1 /jobs/wuyijob/s/62741851/t/62741851
INFO: [ app_init ] --START--
INFO: Run Behavior\BuildLiteBehavior [ RunTime:0.000000s ]
INFO: [ app_init ] --END-- [ RunTime:0.000000s ]
INFO: [ app_begin ] --START--
INFO: Run Behavior\ReadHtmlCacheBehavior [ RunTime:0.000000s ]
INFO: [ app_begin ] --END-- [ RunTime:0.000000s ]
NOTIC: [8] Undefined variable: htmlsource E:\www\crawer\Application\Home\Controller\JobsController.class.php 第 21 行.

[ 2016-03-16T17:55:25+08:00 ] 127.0.0.1 /jobs/wuyijob/s/62741851/t/62741851
INFO: [ app_init ] --START--
INFO: Run Behavior\BuildLiteBehavior [ RunTime:0.000000s ]
INFO: [ app_init ] --END-- [ RunTime:0.001001s ]
INFO: [ app_begin ] --START--
INFO: Run Behavior\ReadHtmlCacheBehavior [ RunTime:0.001000s ]
INFO: [ app_begin ] --END-- [ RunTime:0.001000s ]
NOTIC: [2] file_get_contents(http://jobs.51job.com/s/62741851.html): failed to open stream: HTTP request failed!  E:\www\crawer\Application\Home\Controller\JobsController.class.php 第 22 行.

[ 2016-03-16T17:55:27+08:00 ] 127.0.0.1 /jobs/wuyijob
INFO: [ app_init ] --START--
INFO: Run Behavior\BuildLiteBehavior [ RunTime:0.000000s ]
INFO: [ app_init ] --END-- [ RunTime:0.000000s ]
INFO: [ app_begin ] --START--
INFO: Run Behavior\ReadHtmlCacheBehavior [ RunTime:0.000000s ]
INFO: [ app_begin ] --END-- [ RunTime:0.000000s ]

[ 2016-03-16T17:56:59+08:00 ] 127.0.0.1 /jobs/wuyijob
INFO: [ app_init ] --START--
INFO: Run Behavior\BuildLiteBehavior [ RunTime:0.001000s ]
INFO: [ app_init ] --END-- [ RunTime:0.001000s ]
INFO: [ app_begin ] --START--
INFO: Run Behavior\ReadHtmlCacheBehavior [ RunTime:0.001001s ]
INFO: [ app_begin ] --END-- [ RunTime:0.001001s ]

[ 2016-03-16T17:57:16+08:00 ] 127.0.0.1 /jobs/wuyijob
INFO: [ app_init ] --START--
INFO: Run Behavior\BuildLiteBehavior [ RunTime:0.000000s ]
INFO: [ app_init ] --END-- [ RunTime:0.001000s ]
INFO: [ app_begin ] --START--
INFO: Run Behavior\ReadHtmlCacheBehavior [ RunTime:0.000000s ]
INFO: [ app_begin ] --END-- [ RunTime:0.001000s ]

[ 2016-03-16T17:57:27+08:00 ] 127.0.0.1 /jobs/wuyijob
INFO: [ app_init ] --START--
INFO: Run Behavior\BuildLiteBehavior [ RunTime:0.000000s ]
INFO: [ app_init ] --END-- [ RunTime:0.000000s ]
INFO: [ app_begin ] --START--
INFO: Run Behavior\ReadHtmlCacheBehavior [ RunTime:0.000000s ]
INFO: [ app_begin ] --END-- [ RunTime:0.001000s ]
NOTIC: [2] preg_match(): Unknown modifier 'p' E:\www\crawer\Application\Home\Controller\JobsController.class.php 第 42 行.
NOTIC: [2] preg_match(): Unknown modifier '&gt;' E:\www\crawer\Application\Home\Controller\JobsController.class.php 第 42 行.
NOTIC: [2] preg_match(): Unknown modifier '&gt;' E:\www\crawer\Application\Home\Controller\JobsController.class.php 第 42 行.
NOTIC: [2] preg_match(): Unknown modifier '&gt;' E:\www\crawer\Application\Home\Controller\JobsController.class.php 第 42 行.
NOTIC: [2] preg_match(): Unknown modifier '&gt;' E:\www\crawer\Application\Home\Controller\JobsController.class.php 第 42 行.
NOTIC: [2] preg_match(): Unknown modifier 'p' E:\www\crawer\Application\Home\Controller\JobsController.class.php 第 42 行.
NOTIC: [2] preg_match(): Unknown modifier 'p' E:\www\crawer\Application\Home\Controller\JobsController.class.php 第 42 行.
INFO: [ app_end ] --START--
INFO: Run Behavior\ShowPageTraceBehavior [ RunTime:0.000000s ]
INFO: [ app_end ] --END-- [ RunTime:0.000000s ]

[ 2016-03-16T17:59:07+08:00 ] 127.0.0.1 /jobs/wuyijob
INFO: [ app_init ] --START--
INFO: Run Behavior\BuildLiteBehavior [ RunTime:0.000000s ]
INFO: [ app_init ] --END-- [ RunTime:0.001000s ]
INFO: [ app_begin ] --START--
INFO: Run Behavior\ReadHtmlCacheBehavior [ RunTime:0.000000s ]
INFO: [ app_begin ] --END-- [ RunTime:0.001000s ]
NOTIC: [2] preg_match(): Unknown modifier 'p' E:\www\crawer\Application\Home\Controller\JobsController.class.php 第 42 行.
NOTIC: [8] Undefined offset: 1 E:\www\crawer\Application\Home\Controller\JobsController.class.php 第 43 行.
NOTIC: [2] preg_match(): Unknown modifier '&gt;' E:\www\crawer\Application\Home\Controller\JobsController.class.php 第 42 行.
NOTIC: [2] preg_match(): Unknown modifier '&gt;' E:\www\crawer\Application\Home\Controller\JobsController.class.php 第 42 行.
NOTIC: [2] preg_match(): Unknown modifier '&gt;' E:\www\crawer\Application\Home\Controller\JobsController.class.php 第 42 行.
NOTIC: [2] preg_match(): Unknown modifier '&gt;' E:\www\crawer\Application\Home\Controller\JobsController.class.php 第 42 行.
NOTIC: [2] preg_match(): Unknown modifier 'p' E:\www\crawer\Application\Home\Controller\JobsController.class.php 第 42 行.
NOTIC: [2] preg_match(): Unknown modifier 'p' E:\www\crawer\Application\Home\Controller\JobsController.class.php 第 42 行.
INFO: [ app_end ] --START--
INFO: Run Behavior\ShowPageTraceBehavior [ RunTime:0.001000s ]
INFO: [ app_end ] --END-- [ RunTime:0.001000s ]

